=== OUTPUT FILES ===
List of Hypotheses: list_hypotheses_2020-04-17_20:16:52.pkl
Ensemble Classifier: hypotheses_ensemble_2020-04-17_20:16:52.pkl
=== HYPERPARAMETERS ===
T=1
T_inner=350
B=10
eta=0.05
epsilon=0.05
Cores in use=22
Fairness Definition=dp
=== Initializing h_0... ===
Executing ALGORITHM 4 (Learning Algorithm)...
ALGORITHM 2 (Best Response) will solve: 124 LPs...
ALGORITHM 4 (Meta Algorithm) Loop 1 Completed!
ALGORITHM 4 (Learning Algorithm) Time/loop: 0.739861249923706
ALGORITHM 4 (Meta Algorithm) Loop 51 Completed!
ALGORITHM 4 (Learning Algorithm) Time/loop: 0.7222654819488525
ALGORITHM 4 (Meta Algorithm) Loop 101 Completed!
ALGORITHM 4 (Learning Algorithm) Time/loop: 0.7190859317779541
ALGORITHM 4 (Meta Algorithm) Loop 151 Completed!
ALGORITHM 4 (Learning Algorithm) Time/loop: 0.7745645046234131
ALGORITHM 4 (Meta Algorithm) Loop 201 Completed!
ALGORITHM 4 (Learning Algorithm) Time/loop: 0.7431206703186035
ALGORITHM 4 (Meta Algorithm) Loop 251 Completed!
ALGORITHM 4 (Learning Algorithm) Time/loop: 0.7280216217041016
ALGORITHM 4 (Meta Algorithm) Loop 301 Completed!
ALGORITHM 4 (Learning Algorithm) Time/loop: 0.8378317356109619
ALGORITHM 4 (Learning Algorithm) Total Execution Time: 259.47386026382446
=== ALGORITHM 4 (Learning Algorithm) T=0 Statistics ===
Accuracy = 0.6685606060606061
P[h(X) = 1 | African-American] = 0.5709876543209876
P[h(X) = 1 | Caucasian] = 0.21568627450980393
Delta_DP = 0.3553013798111837
=== ALGORITHM 1 EXECUTION ===
Executing ALGORITHM 4 (Learning Algorithm)...
ALGORITHM 2 (Best Response) will solve: 124 LPs...
ALGORITHM 4 (Meta Algorithm) Loop 1 Completed!
ALGORITHM 4 (Learning Algorithm) Time/loop: 0.6472771167755127
ALGORITHM 4 (Meta Algorithm) Loop 51 Completed!
ALGORITHM 4 (Learning Algorithm) Time/loop: 0.7470905780792236
ALGORITHM 4 (Meta Algorithm) Loop 101 Completed!
ALGORITHM 4 (Learning Algorithm) Time/loop: 0.7366013526916504
ALGORITHM 4 (Meta Algorithm) Loop 151 Completed!
ALGORITHM 4 (Learning Algorithm) Time/loop: 0.7354979515075684
ALGORITHM 4 (Meta Algorithm) Loop 201 Completed!
ALGORITHM 4 (Learning Algorithm) Time/loop: 0.7438580989837646
ALGORITHM 4 (Meta Algorithm) Loop 251 Completed!
ALGORITHM 4 (Learning Algorithm) Time/loop: 0.7354307174682617
ALGORITHM 4 (Meta Algorithm) Loop 301 Completed!
ALGORITHM 4 (Learning Algorithm) Time/loop: 0.7616193294525146
ALGORITHM 4 (Learning Algorithm) Total Execution Time: 260.04983377456665
=== ALGORITHM 4 (Learning Algorithm) T=1 Statistics ===
Accuracy = 0.6571969696969697
P[h(X) = 1 | African-American] = 0.5709876543209876
P[h(X) = 1 | Caucasian] = 0.2647058823529412
Delta_DP = 0.30628177196804646
ALGORITHM 1 (Meta Algorithm) Loop 1 Completed!
ALGORITHM 1 (Meta Algorithm) Time/loop: 261.45835852622986
ALGORITHM 1 (Meta Algorithm) Total Execution Time: 261.4583737850189
