=== OUTPUT FILES ===
List of Hypotheses: list_hypotheses_2020-04-17_20:21:50.pkl
Ensemble Classifier: hypotheses_ensemble_2020-04-17_20:21:50.pkl
=== HYPERPARAMETERS ===
T=1
T_inner=400
B=10
eta=0.05
epsilon=0.05
Cores in use=22
Fairness Definition=dp
=== Initializing h_0... ===
Executing ALGORITHM 4 (Learning Algorithm)...
ALGORITHM 2 (Best Response) will solve: 124 LPs...
ALGORITHM 4 (Meta Algorithm) Loop 1 Completed!
ALGORITHM 4 (Learning Algorithm) Time/loop: 0.7286863327026367
ALGORITHM 4 (Meta Algorithm) Loop 51 Completed!
ALGORITHM 4 (Learning Algorithm) Time/loop: 0.7805850505828857
ALGORITHM 4 (Meta Algorithm) Loop 101 Completed!
ALGORITHM 4 (Learning Algorithm) Time/loop: 0.7380588054656982
ALGORITHM 4 (Meta Algorithm) Loop 151 Completed!
ALGORITHM 4 (Learning Algorithm) Time/loop: 0.7233762741088867
ALGORITHM 4 (Meta Algorithm) Loop 201 Completed!
ALGORITHM 4 (Learning Algorithm) Time/loop: 0.7271938323974609
ALGORITHM 4 (Meta Algorithm) Loop 251 Completed!
ALGORITHM 4 (Learning Algorithm) Time/loop: 0.7415304183959961
ALGORITHM 4 (Meta Algorithm) Loop 301 Completed!
ALGORITHM 4 (Learning Algorithm) Time/loop: 0.8165276050567627
ALGORITHM 4 (Meta Algorithm) Loop 351 Completed!
ALGORITHM 4 (Learning Algorithm) Time/loop: 0.7132415771484375
ALGORITHM 4 (Learning Algorithm) Total Execution Time: 299.04486632347107
=== ALGORITHM 4 (Learning Algorithm) T=0 Statistics ===
Accuracy = 0.6685606060606061
P[h(X) = 1 | African-American] = 0.5709876543209876
P[h(X) = 1 | Caucasian] = 0.21568627450980393
Delta_DP = 0.3553013798111837
=== ALGORITHM 1 EXECUTION ===
Executing ALGORITHM 4 (Learning Algorithm)...
ALGORITHM 2 (Best Response) will solve: 124 LPs...
ALGORITHM 4 (Meta Algorithm) Loop 1 Completed!
ALGORITHM 4 (Learning Algorithm) Time/loop: 0.6460881233215332
ALGORITHM 4 (Meta Algorithm) Loop 51 Completed!
ALGORITHM 4 (Learning Algorithm) Time/loop: 0.7190172672271729
ALGORITHM 4 (Meta Algorithm) Loop 101 Completed!
ALGORITHM 4 (Learning Algorithm) Time/loop: 0.7164700031280518
ALGORITHM 4 (Meta Algorithm) Loop 151 Completed!
ALGORITHM 4 (Learning Algorithm) Time/loop: 0.7260539531707764
ALGORITHM 4 (Meta Algorithm) Loop 201 Completed!
ALGORITHM 4 (Learning Algorithm) Time/loop: 0.7340617179870605
ALGORITHM 4 (Meta Algorithm) Loop 251 Completed!
ALGORITHM 4 (Learning Algorithm) Time/loop: 0.7440557479858398
ALGORITHM 4 (Meta Algorithm) Loop 301 Completed!
ALGORITHM 4 (Learning Algorithm) Time/loop: 0.7432615756988525
ALGORITHM 4 (Meta Algorithm) Loop 351 Completed!
ALGORITHM 4 (Learning Algorithm) Time/loop: 0.728379487991333
ALGORITHM 4 (Learning Algorithm) Total Execution Time: 295.3628623485565
=== ALGORITHM 4 (Learning Algorithm) T=1 Statistics ===
Accuracy = 0.6571969696969697
P[h(X) = 1 | African-American] = 0.5709876543209876
P[h(X) = 1 | Caucasian] = 0.2647058823529412
Delta_DP = 0.30628177196804646
ALGORITHM 1 (Meta Algorithm) Loop 1 Completed!
ALGORITHM 1 (Meta Algorithm) Time/loop: 296.9783732891083
ALGORITHM 1 (Meta Algorithm) Total Execution Time: 296.9783887863159
