=== OUTPUT FILES ===
List of Hypotheses: list_hypotheses_2020-04-17_20:23:50.pkl
Ensemble Classifier: hypotheses_ensemble_2020-04-17_20:23:50.pkl
=== HYPERPARAMETERS ===
T=1
T_inner=500
B=10
eta=0.05
epsilon=0.05
Cores in use=22
Fairness Definition=dp
=== Initializing h_0... ===
Executing ALGORITHM 4 (Learning Algorithm)...
ALGORITHM 2 (Best Response) will solve: 124 LPs...
ALGORITHM 4 (Meta Algorithm) Loop 1 Completed!
ALGORITHM 4 (Learning Algorithm) Time/loop: 0.7066876888275146
ALGORITHM 4 (Meta Algorithm) Loop 51 Completed!
ALGORITHM 4 (Learning Algorithm) Time/loop: 0.7120344638824463
ALGORITHM 4 (Meta Algorithm) Loop 101 Completed!
ALGORITHM 4 (Learning Algorithm) Time/loop: 0.7438793182373047
ALGORITHM 4 (Meta Algorithm) Loop 151 Completed!
ALGORITHM 4 (Learning Algorithm) Time/loop: 0.7012240886688232
ALGORITHM 4 (Meta Algorithm) Loop 201 Completed!
ALGORITHM 4 (Learning Algorithm) Time/loop: 0.6977415084838867
ALGORITHM 4 (Meta Algorithm) Loop 251 Completed!
ALGORITHM 4 (Learning Algorithm) Time/loop: 0.7084994316101074
ALGORITHM 4 (Meta Algorithm) Loop 301 Completed!
ALGORITHM 4 (Learning Algorithm) Time/loop: 0.731259822845459
ALGORITHM 4 (Meta Algorithm) Loop 351 Completed!
ALGORITHM 4 (Learning Algorithm) Time/loop: 0.7002584934234619
ALGORITHM 4 (Meta Algorithm) Loop 401 Completed!
ALGORITHM 4 (Learning Algorithm) Time/loop: 0.7229442596435547
ALGORITHM 4 (Meta Algorithm) Loop 451 Completed!
ALGORITHM 4 (Learning Algorithm) Time/loop: 0.7180612087249756
ALGORITHM 4 (Learning Algorithm) Total Execution Time: 363.37334156036377
=== ALGORITHM 4 (Learning Algorithm) T=0 Statistics ===
Accuracy = 0.6685606060606061
P[h(X) = 1 | African-American] = 0.5709876543209876
P[h(X) = 1 | Caucasian] = 0.21568627450980393
Delta_DP = 0.3553013798111837
=== ALGORITHM 1 EXECUTION ===
Executing ALGORITHM 4 (Learning Algorithm)...
ALGORITHM 2 (Best Response) will solve: 124 LPs...
ALGORITHM 4 (Meta Algorithm) Loop 1 Completed!
ALGORITHM 4 (Learning Algorithm) Time/loop: 0.6474728584289551
ALGORITHM 4 (Meta Algorithm) Loop 51 Completed!
ALGORITHM 4 (Learning Algorithm) Time/loop: 0.7105951309204102
ALGORITHM 4 (Meta Algorithm) Loop 101 Completed!
ALGORITHM 4 (Learning Algorithm) Time/loop: 0.7042441368103027
ALGORITHM 4 (Meta Algorithm) Loop 151 Completed!
ALGORITHM 4 (Learning Algorithm) Time/loop: 0.7766172885894775
ALGORITHM 4 (Meta Algorithm) Loop 201 Completed!
ALGORITHM 4 (Learning Algorithm) Time/loop: 0.7342605590820312
ALGORITHM 4 (Meta Algorithm) Loop 251 Completed!
ALGORITHM 4 (Learning Algorithm) Time/loop: 0.7293133735656738
ALGORITHM 4 (Meta Algorithm) Loop 301 Completed!
ALGORITHM 4 (Learning Algorithm) Time/loop: 0.7074110507965088
ALGORITHM 4 (Meta Algorithm) Loop 351 Completed!
ALGORITHM 4 (Learning Algorithm) Time/loop: 0.7244598865509033
ALGORITHM 4 (Meta Algorithm) Loop 401 Completed!
ALGORITHM 4 (Learning Algorithm) Time/loop: 0.7130053043365479
ALGORITHM 4 (Meta Algorithm) Loop 451 Completed!
ALGORITHM 4 (Learning Algorithm) Time/loop: 0.8088555335998535
ALGORITHM 4 (Learning Algorithm) Total Execution Time: 364.25597381591797
=== ALGORITHM 4 (Learning Algorithm) T=1 Statistics ===
Accuracy = 0.6571969696969697
P[h(X) = 1 | African-American] = 0.5709876543209876
P[h(X) = 1 | Caucasian] = 0.2647058823529412
Delta_DP = 0.30628177196804646
ALGORITHM 1 (Meta Algorithm) Loop 1 Completed!
ALGORITHM 1 (Meta Algorithm) Time/loop: 366.24780201911926
ALGORITHM 1 (Meta Algorithm) Total Execution Time: 366.2478187084198
