=== OUTPUT FILES ===
List of Hypotheses: list_hypotheses_2020-04-17_20:12:54.pkl
Ensemble Classifier: hypotheses_ensemble_2020-04-17_20:12:54.pkl
=== HYPERPARAMETERS ===
T=1
T_inner=150
B=10
eta=0.05
epsilon=0.05
Cores in use=22
Fairness Definition=dp
=== Initializing h_0... ===
Executing ALGORITHM 4 (Learning Algorithm)...
ALGORITHM 2 (Best Response) will solve: 124 LPs...
ALGORITHM 4 (Meta Algorithm) Loop 1 Completed!
ALGORITHM 4 (Learning Algorithm) Time/loop: 1.8053736686706543
ALGORITHM 4 (Meta Algorithm) Loop 51 Completed!
ALGORITHM 4 (Learning Algorithm) Time/loop: 0.7476179599761963
ALGORITHM 4 (Meta Algorithm) Loop 101 Completed!
ALGORITHM 4 (Learning Algorithm) Time/loop: 0.7349259853363037
ALGORITHM 4 (Learning Algorithm) Total Execution Time: 112.22738409042358
=== ALGORITHM 4 (Learning Algorithm) T=0 Statistics ===
Accuracy = 0.6571969696969697
P[h(X) = 1 | African-American] = 0.5709876543209876
P[h(X) = 1 | Caucasian] = 0.2647058823529412
Delta_DP = 0.30628177196804646
=== ALGORITHM 1 EXECUTION ===
Executing ALGORITHM 4 (Learning Algorithm)...
ALGORITHM 2 (Best Response) will solve: 124 LPs...
ALGORITHM 4 (Meta Algorithm) Loop 1 Completed!
ALGORITHM 4 (Learning Algorithm) Time/loop: 0.648080587387085
ALGORITHM 4 (Meta Algorithm) Loop 51 Completed!
ALGORITHM 4 (Learning Algorithm) Time/loop: 0.7327065467834473
ALGORITHM 4 (Meta Algorithm) Loop 101 Completed!
ALGORITHM 4 (Learning Algorithm) Time/loop: 0.7169148921966553
ALGORITHM 4 (Learning Algorithm) Total Execution Time: 111.32120418548584
=== ALGORITHM 4 (Learning Algorithm) T=1 Statistics ===
Accuracy = 0.6571969696969697
P[h(X) = 1 | African-American] = 0.5709876543209876
P[h(X) = 1 | Caucasian] = 0.2647058823529412
Delta_DP = 0.30628177196804646
ALGORITHM 1 (Meta Algorithm) Loop 1 Completed!
ALGORITHM 1 (Meta Algorithm) Time/loop: 112.03403663635254
ALGORITHM 1 (Meta Algorithm) Total Execution Time: 112.03405261039734
