=== OUTPUT FILES ===
List of Hypotheses: list_hypotheses_2020-04-17_20:15:57.pkl
Ensemble Classifier: hypotheses_ensemble_2020-04-17_20:15:57.pkl
=== HYPERPARAMETERS ===
T=1
T_inner=300
B=10
eta=0.05
epsilon=0.05
Cores in use=22
Fairness Definition=dp
=== Initializing h_0... ===
Executing ALGORITHM 4 (Learning Algorithm)...
ALGORITHM 2 (Best Response) will solve: 124 LPs...
ALGORITHM 4 (Meta Algorithm) Loop 1 Completed!
ALGORITHM 4 (Learning Algorithm) Time/loop: 0.7167572975158691
ALGORITHM 4 (Meta Algorithm) Loop 51 Completed!
ALGORITHM 4 (Learning Algorithm) Time/loop: 0.719696044921875
ALGORITHM 4 (Meta Algorithm) Loop 101 Completed!
ALGORITHM 4 (Learning Algorithm) Time/loop: 0.717207670211792
ALGORITHM 4 (Meta Algorithm) Loop 151 Completed!
ALGORITHM 4 (Learning Algorithm) Time/loop: 0.70672607421875
ALGORITHM 4 (Meta Algorithm) Loop 201 Completed!
ALGORITHM 4 (Learning Algorithm) Time/loop: 0.7311899662017822
ALGORITHM 4 (Meta Algorithm) Loop 251 Completed!
ALGORITHM 4 (Learning Algorithm) Time/loop: 0.6985399723052979
ALGORITHM 4 (Learning Algorithm) Total Execution Time: 216.6131501197815
=== ALGORITHM 4 (Learning Algorithm) T=0 Statistics ===
Accuracy = 0.6685606060606061
P[h(X) = 1 | African-American] = 0.5709876543209876
P[h(X) = 1 | Caucasian] = 0.21568627450980393
Delta_DP = 0.3553013798111837
=== ALGORITHM 1 EXECUTION ===
Executing ALGORITHM 4 (Learning Algorithm)...
ALGORITHM 2 (Best Response) will solve: 124 LPs...
ALGORITHM 4 (Meta Algorithm) Loop 1 Completed!
ALGORITHM 4 (Learning Algorithm) Time/loop: 0.6313862800598145
ALGORITHM 4 (Meta Algorithm) Loop 51 Completed!
ALGORITHM 4 (Learning Algorithm) Time/loop: 0.7019660472869873
ALGORITHM 4 (Meta Algorithm) Loop 101 Completed!
ALGORITHM 4 (Learning Algorithm) Time/loop: 0.7047512531280518
ALGORITHM 4 (Meta Algorithm) Loop 151 Completed!
ALGORITHM 4 (Learning Algorithm) Time/loop: 0.7273924350738525
ALGORITHM 4 (Meta Algorithm) Loop 201 Completed!
ALGORITHM 4 (Learning Algorithm) Time/loop: 0.7043507099151611
ALGORITHM 4 (Meta Algorithm) Loop 251 Completed!
ALGORITHM 4 (Learning Algorithm) Time/loop: 0.7061769962310791
ALGORITHM 4 (Learning Algorithm) Total Execution Time: 217.58794808387756
=== ALGORITHM 4 (Learning Algorithm) T=1 Statistics ===
Accuracy = 0.6571969696969697
P[h(X) = 1 | African-American] = 0.5709876543209876
P[h(X) = 1 | Caucasian] = 0.2647058823529412
Delta_DP = 0.30628177196804646
ALGORITHM 1 (Meta Algorithm) Loop 1 Completed!
ALGORITHM 1 (Meta Algorithm) Time/loop: 218.81665444374084
ALGORITHM 1 (Meta Algorithm) Total Execution Time: 218.81667184829712
