=== OUTPUT FILES ===
List of Hypotheses: list_hypotheses_2020-04-17_20:16:59.pkl
Ensemble Classifier: hypotheses_ensemble_2020-04-17_20:16:59.pkl
=== HYPERPARAMETERS ===
T=1
T_inner=250
B=10
eta=0.05
epsilon=0.05
Cores in use=22
Fairness Definition=dp
=== Initializing h_0... ===
Executing ALGORITHM 4 (Learning Algorithm)...
ALGORITHM 2 (Best Response) will solve: 124 LPs...
ALGORITHM 4 (Meta Algorithm) Loop 1 Completed!
ALGORITHM 4 (Learning Algorithm) Time/loop: 1.4518256187438965
ALGORITHM 4 (Meta Algorithm) Loop 51 Completed!
ALGORITHM 4 (Learning Algorithm) Time/loop: 0.7114684581756592
ALGORITHM 4 (Meta Algorithm) Loop 101 Completed!
ALGORITHM 4 (Learning Algorithm) Time/loop: 0.724567174911499
ALGORITHM 4 (Meta Algorithm) Loop 151 Completed!
ALGORITHM 4 (Learning Algorithm) Time/loop: 0.7228655815124512
ALGORITHM 4 (Meta Algorithm) Loop 201 Completed!
ALGORITHM 4 (Learning Algorithm) Time/loop: 0.7181119918823242
ALGORITHM 4 (Learning Algorithm) Total Execution Time: 180.91529726982117
=== ALGORITHM 4 (Learning Algorithm) T=0 Statistics ===
Accuracy = 0.6571969696969697
P[h(X) = 1 | African-American] = 0.5709876543209876
P[h(X) = 1 | Caucasian] = 0.2647058823529412
Delta_DP = 0.30628177196804646
=== ALGORITHM 1 EXECUTION ===
Executing ALGORITHM 4 (Learning Algorithm)...
ALGORITHM 2 (Best Response) will solve: 124 LPs...
ALGORITHM 4 (Meta Algorithm) Loop 1 Completed!
ALGORITHM 4 (Learning Algorithm) Time/loop: 0.622199535369873
ALGORITHM 4 (Meta Algorithm) Loop 51 Completed!
ALGORITHM 4 (Learning Algorithm) Time/loop: 0.8179199695587158
ALGORITHM 4 (Meta Algorithm) Loop 101 Completed!
ALGORITHM 4 (Learning Algorithm) Time/loop: 0.7311561107635498
ALGORITHM 4 (Meta Algorithm) Loop 151 Completed!
ALGORITHM 4 (Learning Algorithm) Time/loop: 0.7264015674591064
ALGORITHM 4 (Meta Algorithm) Loop 201 Completed!
ALGORITHM 4 (Learning Algorithm) Time/loop: 0.7037849426269531
ALGORITHM 4 (Learning Algorithm) Total Execution Time: 181.49526691436768
=== ALGORITHM 4 (Learning Algorithm) T=1 Statistics ===
Accuracy = 0.6571969696969697
P[h(X) = 1 | African-American] = 0.5709876543209876
P[h(X) = 1 | Caucasian] = 0.2647058823529412
Delta_DP = 0.30628177196804646
ALGORITHM 1 (Meta Algorithm) Loop 1 Completed!
ALGORITHM 1 (Meta Algorithm) Time/loop: 182.54798674583435
ALGORITHM 1 (Meta Algorithm) Total Execution Time: 182.54800128936768
